
> mockjsonserver@1.0.0 start /Users/jameslewandowski/Documents/WebDevelopment/STAMP/private_rest_api
> json-server --watch db.json --routes routes.json


  \{^_^}/ hi!

  Loading db.json
  Loading routes.json
  Done

  Resources
  http://localhost:8888/users
  http://localhost:8888/contactmanagement
  http://localhost:8888/companies
  http://localhost:8888/lists
  http://localhost:8888/companylists
  http://localhost:8888/contactfilters
  http://localhost:8888/notifications
  http://localhost:8888/companyInfo
  http://localhost:8888/intro
  http://localhost:8888/ImportanceCardSets
  http://localhost:8888/performance
  http://localhost:8888/performanceCardSets
  http://localhost:8888/scores
  http://localhost:8888/questionPrompts
  http://localhost:8888/final
  http://localhost:8888/contactTableColumns
  http://localhost:8888/companyColumns
  http://localhost:8888/contactListColumns
  http://localhost:8888/workflows
  http://localhost:8888/emails
  http://localhost:8888/notes
  http://localhost:8888/activity
  http://localhost:8888/assessments

  Other routes
  /api/* -> /$1

  Home
  http://localhost:8888

  Type s + enter at any time to create a snapshot of the database
  Watching...

[0mGET /users [32m200[0m 8.320 ms - 295[0m
[0mGET /notifications [32m200[0m 7.343 ms - 223[0m
[0mGET /users [0m-[0m - ms - -[0m
[0mGET /notifications [0m-[0m - ms - -[0m
[0mGET /users [32m200[0m 13.198 ms - 295[0m
[0mGET /notifications [32m200[0m 10.342 ms - 223[0m
[0mGET /workflows?undefined [32m200[0m 11.213 ms - -[0m
[0mGET /notifications [36m304[0m 13.761 ms - -[0m
[0mGET /workflows?_page=1&_limit=4&_order=desc&_sort=deployed&undefined [32m200[0m 6.433 ms - -[0m
[0mGET /workflows/6 [32m200[0m 6.041 ms - 308[0m
[0mGET /workflows/6/emails [32m200[0m 7.028 ms - -[0m
[0mPOST /workflows/6/emails [32m201[0m 102.840 ms - 247[0m
[0mPOST /workflows/6/emails [32m201[0m 11.475 ms - 248[0m
[0mPOST /workflows/6/emails [32m201[0m 12.823 ms - 248[0m
[0mPOST /workflows/6/emails [32m201[0m 14.254 ms - 261[0m
[0mPOST /workflows/6/emails [32m201[0m 19.981 ms - 248[0m
[0mPOST /workflows/6/emails [32m201[0m 9.531 ms - 248[0m
[0mPATCH /workflows/6 [32m200[0m 9.447 ms - 309[0m
[0mPOST /workflows/6/emails [32m201[0m 14.741 ms - 249[0m
[0mPOST /workflows/6/emails [32m201[0m 15.431 ms - 250[0m
[0mGET /workflows/6/emails [32m200[0m 9.565 ms - -[0m
[0mGET /workflows/6/emails [32m200[0m 7.044 ms - -[0m
[0mGET /workflows/6/emails [36m304[0m 5.224 ms - -[0m
[0mGET /workflows/6/emails [36m304[0m 7.450 ms - -[0m
[0mGET /workflows/6/emails [36m304[0m 7.783 ms - -[0m
[0mGET /workflows/6/emails [36m304[0m 6.184 ms - -[0m
[0mGET /workflows/6/emails [36m304[0m 3.022 ms - -[0m
[0mGET /workflows/6/emails [36m304[0m 59.679 ms - -[0m
[0mGET /notifications [36m304[0m 13.852 ms - -[0m
[0mGET /notifications [36m304[0m 12.744 ms - -[0m
[0mGET /users [36m304[0m 18.410 ms - -[0m
[0mGET /users [36m304[0m 3.913 ms - -[0m
[0mGET /notifications [36m304[0m 6.537 ms - -[0m
[0mGET /users [36m304[0m 7.832 ms - -[0m
[0mGET /notifications [36m304[0m 13.319 ms - -[0m
[0mGET /users [32m200[0m 68.480 ms - 295[0m
[0mGET /notifications [36m304[0m 7.287 ms - -[0m
[0mGET /assessments?& [36m304[0m 10.942 ms - -[0m
[0mGET /assessments? [36m304[0m 10.230 ms - -[0m
[0mGET /assessments?&status=sending [32m200[0m 4.484 ms - 2[0m
[0mGET /assessments?&status=sending&status=draft [32m200[0m 8.201 ms - -[0m
[0mGET /assessments?&status=sending&status=draft&status=complete [32m200[0m 9.896 ms - -[0m
[0mGET /assessments?&status=sending&status=complete [32m200[0m 7.624 ms - 237[0m
[0mGET /assessments?&status=sending [36m304[0m 7.880 ms - -[0m
[0mGET /assessments?&status=sending&status=draft [36m304[0m 14.020 ms - -[0m
[0mGET /assessments?&status=draft [32m200[0m 3.207 ms - -[0m
[0mGET /assessments? [36m304[0m 5.909 ms - -[0m
[0mGET /notifications [36m304[0m 13.942 ms - -[0m
[0mGET /workflows?undefined [32m200[0m 15.952 ms - -[0m
[0mGET /workflows?_page=1&_limit=3&_order=desc&_sort=deployed&undefined [32m200[0m 6.552 ms - 1001[0m
[0mGET /workflows?_page=2&_limit=3&_order=desc&_sort=deployed&undefined [32m200[0m 5.975 ms - 1016[0m
[0mGET /workflows?_page=1&_limit=3&_order=desc&_sort=deployed&undefined [36m304[0m 10.733 ms - -[0m
[0mGET /notifications [36m304[0m 3.823 ms - -[0m
[0mGET /workflows?undefined [36m304[0m 30.632 ms - -[0m
[0mGET /workflows?_page=1&_limit=3&_order=desc&_sort=deployed&undefined [36m304[0m 3.533 ms - -[0m
[0mGET /contactfilters [36m304[0m 7.136 ms - -[0m
[0mGET /contactTableColumns [36m304[0m 5.849 ms - -[0m
[0mGET /contactmanagement [32m200[0m 12.702 ms - -[0m
[0mGET /lists [32m200[0m 6.239 ms - 251[0m
[0mGET /contactmanagement/_tZez1C [32m200[0m 16.921 ms - 839[0m
[0mGET /companies [32m200[0m 4.721 ms - -[0m
[0mGET /companies/2 [32m200[0m 6.306 ms - 345[0m
[0mGET /contactmanagement/_tZez1C/notes [32m200[0m 10.941 ms - 837[0m
[0mGET /contactmanagement/_tZez1C/activity?_sort=id&_order=desc [32m200[0m 7.526 ms - -[0m
[0mGET /companyColumns [32m200[0m 3.677 ms - 434[0m
[0mGET /users [36m304[0m 16.884 ms - -[0m
[0mGET /assessments?& [36m304[0m 3.554 ms - -[0m
[0mGET /notifications [36m304[0m 4.040 ms - -[0m
[0mGET /assessments? [36m304[0m 8.363 ms - -[0m
[0mGET /contactfilters [36m304[0m 12.780 ms - -[0m
[0mGET /companyColumns [36m304[0m 7.528 ms - -[0m
[0mGET /companies [36m304[0m 11.106 ms - -[0m
[0mGET /notifications [36m304[0m 14.718 ms - -[0m
